# JRE version: OpenJDK Runtime Environment Temurin-11.0.20.1+1 (11.0.20.1+1) (build 11.0.20.1+1)
# Java VM: OpenJDK 64-Bit Server VM Temurin-11.0.20.1+1 (11.0.20.1+1, mixed mode, tiered, compressed oops, g1 gc, windows-amd64)
Heap:
 garbage-first heap   total 76800K, used 31352K [0x00000000c3200000, 0x0000000100000000)
  region size 1024K, 25 young (25600K), 5 survivors (5120K)
 Metaspace       used 25746K, capacity 26381K, committed 26544K, reserved 1073152K
  class space    used 2758K, capacity 2984K, committed 3072K, reserved 1048576K
GC Heap History (14 events):
Event: 0.958 GC heap before
{Heap before GC invocations=0 (full 0):
 garbage-first heap   total 63488K, used 14336K [0x00000000c3200000, 0x0000000100000000)
  region size 1024K, 14 young (14336K), 0 survivors (0K)
 Metaspace       used 11356K, capacity 11493K, committed 11648K, reserved 1060864K
  class space    used 1053K, capacity 1135K, committed 1152K, reserved 1048576K
}
Event: 0.965 GC heap after
{Heap after GC invocations=1 (full 0):
 garbage-first heap   total 63488K, used 3144K [0x00000000c3200000, 0x0000000100000000)
  region size 1024K, 2 young (2048K), 2 survivors (2048K)
 Metaspace       used 11356K, capacity 11493K, committed 11648K, reserved 1060864K
  class space    used 1053K, capacity 1135K, committed 1152K, reserved 1048576K
}
Event: 1.203 GC heap before
{Heap before GC invocations=1 (full 0):
 garbage-first heap   total 63488K, used 10312K [0x00000000c3200000, 0x0000000100000000)
  region size 1024K, 9 young (9216K), 2 survivors (2048K)
 Metaspace       used 13319K, capacity 13522K, committed 13824K, reserved 1060864K
  class space    used 1330K, capacity 1450K, committed 1536K, reserved 1048576K
}
Event: 1.207 GC heap after
{Heap after GC invocations=2 (full 0):
 garbage-first heap   total 63488K, used 3757K [0x00000000c3200000, 0x0000000100000000)
  region size 1024K, 1 young (1024K), 1 survivors (1024K)
 Metaspace       used 13319K, capacity 13522K, committed 13824K, reserved 1060864K
  class space    used 1330K, capacity 1450K, committed 1536K, reserved 1048576K
}
Event: 1.613 GC heap before
{Heap before GC invocations=2 (full 0):
 garbage-first heap   total 63488K, used 26285K [0x00000000c3200000, 0x0000000100000000)
  region size 1024K, 23 young (23552K), 1 survivors (1024K)
 Metaspace       used 15004K, capacity 15214K, committed 15232K, reserved 1062912K
  class space    used 1537K, capacity 1647K, committed 1664K, reserved 1048576K
}
Event: 1.616 GC heap after
{Heap after GC invocations=3 (full 0):
 garbage-first heap   total 63488K, used 4418K [0x00000000c3200000, 0x0000000100000000)
  region size 1024K, 2 young (2048K), 2 survivors (2048K)
 Metaspace       used 15004K, capacity 15214K, committed 15232K, reserved 1062912K
  class space    used 1537K, capacity 1647K, committed 1664K, reserved 1048576K
}
Event: 2.257 GC heap before
{Heap before GC invocations=3 (full 0):
 garbage-first heap   total 63488K, used 32066K [0x00000000c3200000, 0x0000000100000000)
  region size 1024K, 29 young (29696K), 2 survivors (2048K)
 Metaspace       used 19639K, capacity 19971K, committed 20224K, reserved 1067008K
  class space    used 2131K, capacity 2293K, committed 2304K, reserved 1048576K
}
Event: 2.265 GC heap after
{Heap after GC invocations=4 (full 0):
 garbage-first heap   total 63488K, used 6214K [0x00000000c3200000, 0x0000000100000000)
  region size 1024K, 3 young (3072K), 3 survivors (3072K)
 Metaspace       used 19639K, capacity 19971K, committed 20224K, reserved 1067008K
  class space    used 2131K, capacity 2293K, committed 2304K, reserved 1048576K
}
Event: 2.439 GC heap before
{Heap before GC invocations=4 (full 0):
 garbage-first heap   total 63488K, used 11334K [0x00000000c3200000, 0x0000000100000000)
  region size 1024K, 9 young (9216K), 3 survivors (3072K)
 Metaspace       used 20860K, capacity 21211K, committed 21296K, reserved 1069056K
  class space    used 2292K, capacity 2429K, committed 2432K, reserved 1048576K
}
Event: 2.449 GC heap after
{Heap after GC invocations=5 (full 0):
 garbage-first heap   total 63488K, used 6642K [0x00000000c3200000, 0x0000000100000000)
  region size 1024K, 3 young (3072K), 3 survivors (3072K)
 Metaspace       used 20860K, capacity 21211K, committed 21296K, reserved 1069056K
  class space    used 2292K, capacity 2429K, committed 2432K, reserved 1048576K
}
Event: 3.233 GC heap before
{Heap before GC invocations=6 (full 0):
 garbage-first heap   total 63488K, used 31218K [0x00000000c3200000, 0x0000000100000000)
  region size 1024K, 27 young (27648K), 3 survivors (3072K)
 Metaspace       used 23799K, capacity 24316K, committed 24496K, reserved 1071104K
  class space    used 2584K, capacity 2761K, committed 2816K, reserved 1048576K
}
Event: 3.244 GC heap after
{Heap after GC invocations=7 (full 0):
 garbage-first heap   total 76800K, used 9144K [0x00000000c3200000, 0x0000000100000000)
  region size 1024K, 3 young (3072K), 3 survivors (3072K)
 Metaspace       used 23799K, capacity 24316K, committed 24496K, reserved 1071104K
  class space    used 2584K, capacity 2761K, committed 2816K, reserved 1048576K
}
Event: 3.924 GC heap before
{Heap before GC invocations=7 (full 0):
 garbage-first heap   total 76800K, used 41912K [0x00000000c3200000, 0x0000000100000000)
  region size 1024K, 35 young (35840K), 3 survivors (3072K)
 Metaspace       used 24613K, capacity 25178K, committed 25392K, reserved 1071104K
  class space    used 2656K, capacity 2836K, committed 2944K, reserved 1048576K
}
Event: 3.933 GC heap after
{Heap after GC invocations=8 (full 0):
 garbage-first heap   total 76800K, used 11896K [0x00000000c3200000, 0x0000000100000000)
  region size 1024K, 5 young (5120K), 5 survivors (5120K)
 Metaspace       used 24613K, capacity 25178K, committed 25392K, reserved 1071104K
  class space    used 2656K, capacity 2836K, committed 2944K, reserved 1048576K
}

